<?xml version="1.0" encoding="UTF-8"?>
<!-- Generated by org.testng.reporters.JUnitReportReporter -->
<testsuite hostname="Nariman-dev" failures="0" tests="1" name="registration_php.testcase1" time="31.310" errors="0" timestamp="2022-10-23T19:45:09 EET" skipped="0">
  <testcase classname="registration_php.testcase1" name="registration" time="31.310"/>
  <system-out/>
</testsuite> <!-- registration_php.testcase1 -->
